<?xml version="1.0" encoding="UTF-8"?>
<coverage generated="1743770208348" clover="3.2.0">
  <project timestamp="1743770208348" name="All files">
    <metrics statements="20" coveredstatements="20" conditionals="34" coveredconditionals="34" methods="1" coveredmethods="1" elements="55" coveredelements="55" complexity="0" loc="20" ncloc="20" packages="1" files="1" classes="1"/>
    <file name="Button.tsx" path="/Users/ronaldaarnoutse/git/uhiggs/src/components/Button/Button.tsx">
      <metrics statements="20" coveredstatements="20" conditionals="34" coveredconditionals="34" methods="1" coveredmethods="1"/>
      <line num="1" count="1" type="stmt"/>
      <line num="2" count="1" type="stmt"/>
      <line num="4" count="1" type="stmt"/>
      <line num="18" count="1" type="stmt"/>
      <line num="19" count="13" type="stmt"/>
      <line num="20" count="13" type="stmt"/>
      <line num="21" count="13" type="cond" truecount="2" falsecount="0"/>
      <line num="22" count="13" type="stmt"/>
      <line num="23" count="13" type="cond" truecount="2" falsecount="0"/>
      <line num="24" count="13" type="cond" truecount="2" falsecount="0"/>
      <line num="25" count="13" type="cond" truecount="2" falsecount="0"/>
      <line num="26" count="13" type="cond" truecount="2" falsecount="0"/>
      <line num="27" count="13" type="cond" truecount="2" falsecount="0"/>
      <line num="28" count="13" type="cond" truecount="2" falsecount="0"/>
      <line num="29" count="13" type="stmt"/>
      <line num="30" count="13" type="stmt"/>
      <line num="31" count="13" type="stmt"/>
      <line num="32" count="13" type="stmt"/>
      <line num="34" count="13" type="stmt"/>
      <line num="46" count="13" type="stmt"/>
    </file>
  </project>
</coverage>
