{"/Users/ronaldaarnoutse/git/uhiggs/src/components/Button/Button.tsx": {"path":"/Users/ronaldaarnoutse/git/uhiggs/src/components/Button/Button.tsx","statementMap":{"0":{"start":{"line":1,"column":0},"end":{"line":1,"column":26}},"1":{"start":{"line":2,"column":0},"end":{"line":2,"column":36}},"2":{"start":{"line":4,"column":0},"end":{"line":4,"column":42}},"3":{"start":{"line":18,"column":45},"end":{"line":53,"column":1}},"4":{"start":{"line":19,"column":10},"end":{"line":19,"column":null}},"5":{"start":{"line":20,"column":9},"end":{"line":20,"column":null}},"6":{"start":{"line":21,"column":2},"end":{"line":21,"column":9}},"7":{"start":{"line":21,"column":9},"end":{"line":21,"column":null}},"8":{"start":{"line":22,"column":6},"end":{"line":22,"column":null}},"9":{"start":{"line":23,"column":2},"end":{"line":23,"column":9}},"10":{"start":{"line":23,"column":9},"end":{"line":23,"column":null}},"11":{"start":{"line":24,"column":2},"end":{"line":24,"column":10}},"12":{"start":{"line":24,"column":10},"end":{"line":24,"column":null}},"13":{"start":{"line":25,"column":2},"end":{"line":25,"column":7}},"14":{"start":{"line":25,"column":7},"end":{"line":25,"column":null}},"15":{"start":{"line":26,"column":2},"end":{"line":26,"column":8}},"16":{"start":{"line":26,"column":8},"end":{"line":26,"column":null}},"17":{"start":{"line":27,"column":2},"end":{"line":27,"column":6}},"18":{"start":{"line":27,"column":6},"end":{"line":27,"column":null}},"19":{"start":{"line":28,"column":2},"end":{"line":28,"column":8}},"20":{"start":{"line":28,"column":8},"end":{"line":28,"column":null}},"21":{"start":{"line":29,"column":11},"end":{"line":29,"column":null}},"22":{"start":{"line":30,"column":9},"end":{"line":30,"column":null}},"23":{"start":{"line":31,"column":11},"end":{"line":31,"column":null}},"24":{"start":{"line":32,"column":10},"end":{"line":33,"column":null}},"25":{"start":{"line":34,"column":19},"end":{"line":43,"column":null}},"26":{"start":{"line":46,"column":2},"end":{"line":52,"column":4}},"27":{"start":{"line":18,"column":13},"end":{"line":18,"column":45}}},"fnMap":{"0":{"name":"(anonymous_4)","decl":{"start":{"line":18,"column":45},"end":{"line":18,"column":46}},"loc":{"start":{"line":33,"column":1},"end":{"line":53,"column":1}}}},"branchMap":{"0":{"loc":{"start":{"line":21,"column":9},"end":{"line":21,"column":null}},"type":"cond-expr","locations":[{"start":{"line":21,"column":12},"end":{"line":21,"column":21}},{"start":{"line":21,"column":21},"end":{"line":21,"column":null}}]},"1":{"loc":{"start":{"line":23,"column":9},"end":{"line":23,"column":null}},"type":"cond-expr","locations":[{"start":{"line":23,"column":12},"end":{"line":23,"column":17}},{"start":{"line":23,"column":17},"end":{"line":23,"column":null}}]},"2":{"loc":{"start":{"line":24,"column":10},"end":{"line":24,"column":null}},"type":"cond-expr","locations":[{"start":{"line":24,"column":13},"end":{"line":24,"column":18}},{"start":{"line":24,"column":18},"end":{"line":24,"column":null}}]},"3":{"loc":{"start":{"line":25,"column":7},"end":{"line":25,"column":null}},"type":"cond-expr","locations":[{"start":{"line":25,"column":10},"end":{"line":25,"column":15}},{"start":{"line":25,"column":15},"end":{"line":25,"column":null}}]},"4":{"loc":{"start":{"line":26,"column":8},"end":{"line":26,"column":null}},"type":"cond-expr","locations":[{"start":{"line":26,"column":11},"end":{"line":26,"column":16}},{"start":{"line":26,"column":16},"end":{"line":26,"column":null}}]},"5":{"loc":{"start":{"line":27,"column":6},"end":{"line":27,"column":null}},"type":"cond-expr","locations":[{"start":{"line":27,"column":9},"end":{"line":27,"column":14}},{"start":{"line":27,"column":14},"end":{"line":27,"column":null}}]},"6":{"loc":{"start":{"line":28,"column":8},"end":{"line":28,"column":null}},"type":"cond-expr","locations":[{"start":{"line":28,"column":11},"end":{"line":28,"column":16}},{"start":{"line":28,"column":16},"end":{"line":28,"column":null}}]},"7":{"loc":{"start":{"line":36,"column":4},"end":{"line":36,"column":57}},"type":"cond-expr","locations":[{"start":{"line":36,"column":14},"end":{"line":36,"column":38}},{"start":{"line":36,"column":41},"end":{"line":36,"column":57}}]},"8":{"loc":{"start":{"line":37,"column":4},"end":{"line":37,"column":29}},"type":"cond-expr","locations":[{"start":{"line":37,"column":11},"end":{"line":37,"column":24}},{"start":{"line":37,"column":27},"end":{"line":37,"column":29}}]},"9":{"loc":{"start":{"line":38,"column":4},"end":{"line":38,"column":38}},"type":"cond-expr","locations":[{"start":{"line":38,"column":13},"end":{"line":38,"column":33}},{"start":{"line":38,"column":36},"end":{"line":38,"column":38}}]},"10":{"loc":{"start":{"line":39,"column":4},"end":{"line":39,"column":34}},"type":"cond-expr","locations":[{"start":{"line":39,"column":11},"end":{"line":39,"column":29}},{"start":{"line":39,"column":32},"end":{"line":39,"column":34}}]},"11":{"loc":{"start":{"line":40,"column":4},"end":{"line":40,"column":40}},"type":"cond-expr","locations":[{"start":{"line":40,"column":13},"end":{"line":40,"column":35}},{"start":{"line":40,"column":38},"end":{"line":40,"column":40}}]},"12":{"loc":{"start":{"line":41,"column":4},"end":{"line":41,"column":32}},"type":"cond-expr","locations":[{"start":{"line":41,"column":12},"end":{"line":41,"column":27}},{"start":{"line":41,"column":30},"end":{"line":41,"column":32}}]},"13":{"loc":{"start":{"line":42,"column":4},"end":{"line":42,"column":58}},"type":"cond-expr","locations":[{"start":{"line":42,"column":27},"end":{"line":42,"column":53}},{"start":{"line":42,"column":56},"end":{"line":42,"column":58}}]},"14":{"loc":{"start":{"line":42,"column":4},"end":{"line":42,"column":24}},"type":"binary-expr","locations":[{"start":{"line":42,"column":4},"end":{"line":42,"column":13}},{"start":{"line":42,"column":17},"end":{"line":42,"column":24}}]},"15":{"loc":{"start":{"line":48,"column":7},"end":{"line":48,"column":99}},"type":"binary-expr","locations":[{"start":{"line":48,"column":7},"end":{"line":48,"column":16}},{"start":{"line":48,"column":20},"end":{"line":48,"column":99}}]},"16":{"loc":{"start":{"line":50,"column":7},"end":{"line":50,"column":95}},"type":"binary-expr","locations":[{"start":{"line":50,"column":7},"end":{"line":50,"column":14}},{"start":{"line":50,"column":18},"end":{"line":50,"column":95}}]}},"s":{"0":1,"1":1,"2":1,"3":1,"4":14,"5":14,"6":14,"7":14,"8":14,"9":14,"10":14,"11":14,"12":14,"13":14,"14":14,"15":14,"16":14,"17":14,"18":14,"19":14,"20":14,"21":14,"22":14,"23":14,"24":14,"25":14,"26":14,"27":1},"f":{"0":14},"b":{"0":[11,3],"1":[13,1],"2":[13,1],"3":[13,1],"4":[12,2],"5":[13,1],"6":[12,2],"7":[1,13],"8":[2,12],"9":[2,12],"10":[1,13],"11":[2,12],"12":[1,13],"13":[3,11],"14":[14,12],"15":[14,2],"16":[14,2]}}
}
