{"/Users/ronaldaarnoutse/git/uhiggs/src/components/Button/Button.tsx": {"path":"/Users/ronaldaarnoutse/git/uhiggs/src/components/Button/Button.tsx","statementMap":{"0":{"start":{"line":1,"column":0},"end":{"line":1,"column":26}},"1":{"start":{"line":2,"column":0},"end":{"line":2,"column":36}},"2":{"start":{"line":4,"column":0},"end":{"line":4,"column":42}},"3":{"start":{"line":18,"column":45},"end":{"line":53,"column":1}},"4":{"start":{"line":34,"column":19},"end":{"line":43,"column":null}},"5":{"start":{"line":46,"column":2},"end":{"line":52,"column":4}},"6":{"start":{"line":18,"column":13},"end":{"line":18,"column":45}}},"fnMap":{"0":{"name":"(anonymous_1)","decl":{"start":{"line":18,"column":45},"end":{"line":18,"column":46}},"loc":{"start":{"line":33,"column":5},"end":{"line":53,"column":1}}}},"branchMap":{"0":{"loc":{"start":{"line":21,"column":2},"end":{"line":21,"column":21}},"type":"default-arg","locations":[{"start":{"line":21,"column":12},"end":{"line":21,"column":21}}]},"1":{"loc":{"start":{"line":23,"column":2},"end":{"line":23,"column":17}},"type":"default-arg","locations":[{"start":{"line":23,"column":12},"end":{"line":23,"column":17}}]},"2":{"loc":{"start":{"line":24,"column":2},"end":{"line":24,"column":18}},"type":"default-arg","locations":[{"start":{"line":24,"column":13},"end":{"line":24,"column":18}}]},"3":{"loc":{"start":{"line":25,"column":2},"end":{"line":25,"column":15}},"type":"default-arg","locations":[{"start":{"line":25,"column":10},"end":{"line":25,"column":15}}]},"4":{"loc":{"start":{"line":26,"column":2},"end":{"line":26,"column":16}},"type":"default-arg","locations":[{"start":{"line":26,"column":11},"end":{"line":26,"column":16}}]},"5":{"loc":{"start":{"line":27,"column":2},"end":{"line":27,"column":14}},"type":"default-arg","locations":[{"start":{"line":27,"column":9},"end":{"line":27,"column":14}}]},"6":{"loc":{"start":{"line":28,"column":2},"end":{"line":28,"column":16}},"type":"default-arg","locations":[{"start":{"line":28,"column":11},"end":{"line":28,"column":16}}]},"7":{"loc":{"start":{"line":36,"column":4},"end":{"line":36,"column":57}},"type":"cond-expr","locations":[{"start":{"line":36,"column":14},"end":{"line":36,"column":38}},{"start":{"line":36,"column":41},"end":{"line":36,"column":57}}]},"8":{"loc":{"start":{"line":37,"column":4},"end":{"line":37,"column":29}},"type":"cond-expr","locations":[{"start":{"line":37,"column":11},"end":{"line":37,"column":24}},{"start":{"line":37,"column":27},"end":{"line":37,"column":29}}]},"9":{"loc":{"start":{"line":38,"column":4},"end":{"line":38,"column":38}},"type":"cond-expr","locations":[{"start":{"line":38,"column":13},"end":{"line":38,"column":33}},{"start":{"line":38,"column":36},"end":{"line":38,"column":38}}]},"10":{"loc":{"start":{"line":39,"column":4},"end":{"line":39,"column":34}},"type":"cond-expr","locations":[{"start":{"line":39,"column":11},"end":{"line":39,"column":29}},{"start":{"line":39,"column":32},"end":{"line":39,"column":34}}]},"11":{"loc":{"start":{"line":40,"column":4},"end":{"line":40,"column":40}},"type":"cond-expr","locations":[{"start":{"line":40,"column":13},"end":{"line":40,"column":35}},{"start":{"line":40,"column":38},"end":{"line":40,"column":40}}]},"12":{"loc":{"start":{"line":41,"column":4},"end":{"line":41,"column":32}},"type":"cond-expr","locations":[{"start":{"line":41,"column":12},"end":{"line":41,"column":27}},{"start":{"line":41,"column":30},"end":{"line":41,"column":32}}]},"13":{"loc":{"start":{"line":42,"column":4},"end":{"line":42,"column":58}},"type":"cond-expr","locations":[{"start":{"line":42,"column":27},"end":{"line":42,"column":53}},{"start":{"line":42,"column":56},"end":{"line":42,"column":58}}]},"14":{"loc":{"start":{"line":42,"column":4},"end":{"line":42,"column":24}},"type":"binary-expr","locations":[{"start":{"line":42,"column":4},"end":{"line":42,"column":13}},{"start":{"line":42,"column":17},"end":{"line":42,"column":24}}]},"15":{"loc":{"start":{"line":48,"column":7},"end":{"line":48,"column":99}},"type":"binary-expr","locations":[{"start":{"line":48,"column":7},"end":{"line":48,"column":16}},{"start":{"line":48,"column":20},"end":{"line":48,"column":99}}]},"16":{"loc":{"start":{"line":50,"column":7},"end":{"line":50,"column":95}},"type":"binary-expr","locations":[{"start":{"line":50,"column":7},"end":{"line":50,"column":14}},{"start":{"line":50,"column":18},"end":{"line":50,"column":95}}]}},"s":{"0":1,"1":1,"2":1,"3":1,"4":21,"5":21,"6":1},"f":{"0":21},"b":{"0":[18],"1":[20],"2":[19],"3":[20],"4":[19],"5":[20],"6":[19],"7":[1,20],"8":[2,19],"9":[2,19],"10":[1,20],"11":[2,19],"12":[1,20],"13":[6,15],"14":[21,16],"15":[21,5],"16":[21,3]}}
}
