TN:
SF:src/components/Button/Button.tsx
FN:18,(anonymous_4)
FNF:1
FNH:1
FNDA:13,(anonymous_4)
DA:1,1
DA:2,1
DA:4,1
DA:18,1
DA:19,13
DA:20,13
DA:21,13
DA:22,13
DA:23,13
DA:24,13
DA:25,13
DA:26,13
DA:27,13
DA:28,13
DA:29,13
DA:30,13
DA:31,13
DA:32,13
DA:34,13
DA:46,13
LF:20
LH:20
BRDA:21,0,0,11
BRDA:21,0,1,2
BRDA:23,1,0,12
BRDA:23,1,1,1
BRDA:24,2,0,12
BRDA:24,2,1,1
BRDA:25,3,0,12
BRDA:25,3,1,1
BRDA:26,4,0,12
BRDA:26,4,1,1
BRDA:27,5,0,12
BRDA:27,5,1,1
BRDA:28,6,0,12
BRDA:28,6,1,1
BRDA:36,7,0,1
BRDA:36,7,1,12
BRDA:37,8,0,1
BRDA:37,8,1,12
BRDA:38,9,0,1
BRDA:38,9,1,12
BRDA:39,10,0,1
BRDA:39,10,1,12
BRDA:40,11,0,1
BRDA:40,11,1,12
BRDA:41,12,0,1
BRDA:41,12,1,12
BRDA:42,13,0,2
BRDA:42,13,1,11
BRDA:42,14,0,13
BRDA:42,14,1,12
BRDA:48,15,0,13
BRDA:48,15,1,1
BRDA:50,16,0,13
BRDA:50,16,1,1
BRF:34
BRH:34
end_of_record
