TN:
SF:src/components/Button/Button.tsx
FN:18,(anonymous_1)
FNF:1
FNH:1
FNDA:21,(anonymous_1)
DA:1,1
DA:2,1
DA:4,1
DA:18,1
DA:34,21
DA:46,21
LF:6
LH:6
BRDA:21,0,0,18
BRDA:23,1,0,20
BRDA:24,2,0,19
BRDA:25,3,0,20
BRDA:26,4,0,19
BRDA:27,5,0,20
BRDA:28,6,0,19
BRDA:36,7,0,1
BRDA:36,7,1,20
BRDA:37,8,0,2
BRDA:37,8,1,19
BRDA:38,9,0,2
BRDA:38,9,1,19
BRDA:39,10,0,1
BRDA:39,10,1,20
BRDA:40,11,0,2
BRDA:40,11,1,19
BRDA:41,12,0,1
BRDA:41,12,1,20
BRDA:42,13,0,6
BRDA:42,13,1,15
BRDA:42,14,0,21
BRDA:42,14,1,16
BRDA:48,15,0,21
BRDA:48,15,1,5
BRDA:50,16,0,21
BRDA:50,16,1,3
BRF:27
BRH:27
end_of_record
